{
  "RSpec": {
    "coverage": {
      "/Users/student/Projects/Weekly-Projects/databases/bookmark_manager/app.rb": [
        1,
        1,
        1,
        null,
        1,
        null,
        1,
        null,
        1,
        5,
        null,
        null,
        1,
        2,
        2,
        null,
        null,
        null,
        1,
        null,
        null,
        null,
        null,
        1,
        1,
        null,
        null,
        1,
        null,
        null
      ],
      "/Users/student/Projects/Weekly-Projects/databases/bookmark_manager/lib/bookmark.rb": [
        1,
        null,
        1,
        1,
        1,
        15,
        15,
        15,
        null,
        null,
        null,
        1,
        null,
        3,
        3,
        null,
        0,
        null,
        null,
        3,
        3,
        7,
        null,
        null,
        null,
        1,
        8,
        8,
        null,
        0,
        null,
        8,
        8,
        null,
        null,
        null,
        null,
        null
      ],
      "/Users/student/Projects/Weekly-Projects/databases/bookmark_manager/spec/features/web_helpers.rb": [

      ],
      "/Users/student/Projects/Weekly-Projects/databases/bookmark_manager/spec/bookmark_spec.rb": [
        1,
        null,
        null,
        1,
        1,
        1,
        null,
        1,
        null,
        1,
        null,
        1,
        1,
        null,
        1,
        null,
        1,
        1,
        null,
        null,
        null,
        null,
        1,
        1,
        null,
        null,
        null,
        null,
        null,
        null,
        null,
        null,
        1,
        1,
        1,
        null,
        null,
        1,
        null,
        1,
        null,
        1,
        1,
        1,
        1,
        null,
        null,
        null,
        null,
        null
      ],
      "/Users/student/Projects/Weekly-Projects/databases/bookmark_manager/spec/database_helpers.rb": [
        1,
        null,
        1,
        1,
        1,
        1,
        null
      ],
      "/Users/student/Projects/Weekly-Projects/databases/bookmark_manager/spec/features/adding_bookmarks_spec.rb": [
        1,
        1,
        1,
        1,
        1,
        1,
        1,
        1,
        null,
        null,
        null
      ],
      "/Users/student/Projects/Weekly-Projects/databases/bookmark_manager/spec/features/testing_infrastructure_spec.rb": [
        1,
        1,
        1,
        1,
        null,
        null
      ],
      "/Users/student/Projects/Weekly-Projects/databases/bookmark_manager/spec/features/viewing_bookmarks_spec.rb": [
        1,
        null,
        1,
        1,
        1,
        1,
        null,
        null,
        1,
        1,
        1,
        1,
        1,
        null,
        null,
        null,
        null,
        null,
        null,
        1,
        1,
        1,
        1,
        1,
        null,
        null,
        null,
        null
      ]
    },
    "timestamp": 1563450352
  }
}
